<?xml version="1.0" encoding="UTF-8"?>
<testng-results ignored="0" total="1" passed="1" failed="0" skipped="0">
  <reporter-output>
  </reporter-output>
  <suite started-at="2020-07-20T12:44:13Z" name="Default suite" finished-at="2020-07-20T12:44:38Z" duration-ms="25016">
    <groups>
    </groups>
    <test started-at="2020-07-20T12:44:13Z" name="Default test" finished-at="2020-07-20T12:44:38Z" duration-ms="25016">
      <class name="Stms.Ressource">
        <test-method is-config="true" signature="OpenRessourcePage()[pri:0, instance:Stms.Ressource@14a2f921]" started-at="2020-07-20T12:44:13Z" name="OpenRessourcePage" finished-at="2020-07-20T12:44:34Z" duration-ms="21543" status="PASS">
          <reporter-output>
          </reporter-output>
        </test-method> <!-- OpenRessourcePage -->
        <test-method signature="Resource()[pri:0, instance:Stms.Ressource@14a2f921]" started-at="2020-07-20T12:44:34Z" name="Resource" finished-at="2020-07-20T12:44:38Z" duration-ms="3456" status="PASS">
          <reporter-output>
          </reporter-output>
        </test-method> <!-- Resource -->
      </class> <!-- Stms.Ressource -->
    </test> <!-- Default test -->
  </suite> <!-- Default suite -->
</testng-results>
